2014-01-06 20:48:57.711 VRock[11174:80b] Multi-tasking -> Device: YES, App: YES
2014-01-06 20:48:57.722 VRock[11174:80b] Unlimited access to network resources
2014-01-06 20:48:58.003 VRock[11174:80b] Resetting plugins due to page load.
2014-01-06 20:48:58.120 VRock[11174:80b] Finished load of: file:///Users/Ashton/Library/Application%20Support/iPhone%20Simulator/7.0.3/Applications/565FEAFD-6B3C-4A79-88DD-5CF3286A8847/VRock.app/www/index.html
2014-01-06 21:03:19.471 VRock[11507:80b] Multi-tasking -> Device: YES, App: YES
2014-01-06 21:03:19.482 VRock[11507:80b] Unlimited access to network resources
2014-01-06 21:03:19.959 VRock[11507:80b] Resetting plugins due to page load.
2014-01-06 21:03:20.035 VRock[11507:80b] Finished load of: file:///Users/Ashton/Library/Application%20Support/iPhone%20Simulator/7.0.3/Applications/565FEAFD-6B3C-4A79-88DD-5CF3286A8847/VRock.app/www/index.html
2014-01-06 21:16:21.562 VRock[12025:80b] Multi-tasking -> Device: YES, App: YES
2014-01-06 21:16:21.572 VRock[12025:80b] Unlimited access to network resources
2014-01-06 21:16:21.814 VRock[12025:80b] Resetting plugins due to page load.
2014-01-06 21:16:22.003 VRock[12025:80b] Finished load of: file:///Users/Ashton/Library/Application%20Support/iPhone%20Simulator/7.0.3/Applications/565FEAFD-6B3C-4A79-88DD-5CF3286A8847/VRock.app/www/index.html
2014-01-06 22:05:10.613 VRock[12742:80b] Multi-tasking -> Device: YES, App: YES
2014-01-06 22:05:10.814 VRock[12742:80b] Unlimited access to network resources
2014-01-06 22:05:11.269 VRock[12742:80b] Resetting plugins due to page load.
2014-01-06 22:05:11.684 VRock[12742:80b] Finished load of: file:///Users/Ashton/Library/Application%20Support/iPhone%20Simulator/7.0.3/Applications/565FEAFD-6B3C-4A79-88DD-5CF3286A8847/VRock.app/www/index.html
2014-01-06 22:06:41.109 VRock[13189:80b] Multi-tasking -> Device: YES, App: YES
2014-01-06 22:06:41.120 VRock[13189:80b] Unlimited access to network resources
2014-01-06 22:06:41.606 VRock[13189:80b] Resetting plugins due to page load.
2014-01-06 22:06:41.723 VRock[13189:80b] Finished load of: file:///Users/Ashton/Library/Application%20Support/iPhone%20Simulator/7.0.3/Applications/565FEAFD-6B3C-4A79-88DD-5CF3286A8847/VRock.app/www/index.html
2014-01-06 22:07:50.217 VRock[13635:80b] Multi-tasking -> Device: YES, App: YES
2014-01-06 22:07:50.228 VRock[13635:80b] Unlimited access to network resources
2014-01-06 22:07:50.521 VRock[13635:80b] Resetting plugins due to page load.
2014-01-06 22:07:50.700 VRock[13635:80b] Finished load of: file:///Users/Ashton/Library/Application%20Support/iPhone%20Simulator/7.0.3/Applications/565FEAFD-6B3C-4A79-88DD-5CF3286A8847/VRock.app/www/index.html
2014-01-06 22:11:51.159 VRock[14101:80b] Multi-tasking -> Device: YES, App: YES
2014-01-06 22:11:51.169 VRock[14101:80b] Unlimited access to network resources
2014-01-06 22:11:54.559 VRock[14101:80b] Resetting plugins due to page load.
2014-01-06 22:11:55.633 VRock[14101:80b] Finished load of: file:///Users/Ashton/Library/Application%20Support/iPhone%20Simulator/7.0.3/Applications/565FEAFD-6B3C-4A79-88DD-5CF3286A8847/VRock.app/www/index.html
2014-01-06 22:15:48.069 VRock[14600:80b] Multi-tasking -> Device: YES, App: YES
2014-01-06 22:15:48.078 VRock[14600:80b] Unlimited access to network resources
2014-01-06 22:15:48.443 VRock[14600:80b] Resetting plugins due to page load.
2014-01-06 22:15:48.669 VRock[14600:80b] Finished load of: file:///Users/Ashton/Library/Application%20Support/iPhone%20Simulator/7.0.3/Applications/565FEAFD-6B3C-4A79-88DD-5CF3286A8847/VRock.app/www/index.html
2014-01-06 22:15:49.358 VRock[14600:80b] THREAD WARNING: ['Device'] took '79.709229' ms. Plugin should use a background thread.
2014-01-06 22:34:27.402 VRock[16366:80b] Multi-tasking -> Device: YES, App: YES
2014-01-06 22:34:27.432 VRock[16366:80b] Unlimited access to network resources
2014-01-06 22:34:27.698 VRock[16366:80b] Resetting plugins due to page load.
2014-01-06 22:34:27.932 VRock[16366:80b] Finished load of: file:///Users/Ashton/Library/Application%20Support/iPhone%20Simulator/7.0.3/Applications/565FEAFD-6B3C-4A79-88DD-5CF3286A8847/VRock.app/www/index.html
2014-01-06 22:39:55.925 VRock[16878:80b] Multi-tasking -> Device: YES, App: YES
2014-01-06 22:39:55.935 VRock[16878:80b] Unlimited access to network resources
2014-01-06 22:39:56.204 VRock[16878:80b] Resetting plugins due to page load.
2014-01-06 22:39:56.253 VRock[16878:80b] Finished load of: file:///Users/Ashton/Library/Application%20Support/iPhone%20Simulator/7.0.3/Applications/565FEAFD-6B3C-4A79-88DD-5CF3286A8847/VRock.app/www/index.html
